<?xml version="1.0" encoding="UTF-8"?>
<!-- Generated by org.testng.reporters.JUnitXMLReporter -->
<testsuite ignored="0" hostname="LAPTOP-OUQEE9AC" failures="0" tests="6" name="TestOne" time="37.33" errors="0" timestamp="2025-03-16T15:58:05 IST">
  <testcase classname="HomeLoan.Loans" name="dashBoard" time="1.865"/>
  <testcase classname="HomeLoan.Loans" name="AmountFixer" time="0.905"/>
  <testcase classname="HomeLoan.Loans" name="AmountFixer" time="5.568"/>
  <testcase classname="HomeLoan.Loans" name="windows_handle" time="0.705"/>
  <testcase classname="HomeLoan.Loans" name="Details" time="0.837"/>
  <testcase classname="HomeLoan.PersonalLoan" name="ClickAction" time="1.766"/>
</testsuite> <!-- TestOne -->
