<?xml version="1.0" encoding="UTF-8"?>
<!-- Generated by org.testng.reporters.JUnitXMLReporter -->
<testsuite ignored="0" hostname="LAPTOP-OUQEE9AC" failures="0" tests="6" name="TestTwo" time="111.17" errors="0" timestamp="2025-03-16T15:59:56 IST">
  <testcase classname="HomeLoan.Loans" name="dashBoard" time="8.56"/>
  <testcase classname="HomeLoan.Loans" name="AmountFixer" time="0.42"/>
  <testcase classname="HomeLoan.Loans" name="AmountFixer" time="5.521"/>
  <testcase classname="HomeLoan.Loans" name="windows_handle" time="10.131"/>
  <testcase classname="HomeLoan.Loans" name="Details" time="0.513"/>
  <testcase classname="HomeLoan.PersonalLoan" name="ClickAction" time="6.74"/>
</testsuite> <!-- TestTwo -->
