<?xml version="1.0" encoding="UTF-8"?>
<!-- Generated by org.testng.reporters.JUnitXMLReporter -->
<testsuite ignored="0" hostname="LAPTOP-OUQEE9AC" failures="0" tests="5" name="Test" time="20.249" errors="0" timestamp="2025-03-14T21:44:19 IST">
  <testcase classname="HomeLoan.Loans" name="dashBoard" time="1.079"/>
  <testcase classname="HomeLoan.Loans" name="AmountFixer" time="0.889"/>
  <testcase classname="HomeLoan.Loans" name="AmountFixer" time="5.64"/>
  <testcase classname="HomeLoan.Loans" name="windows_handle" time="0.398"/>
  <testcase classname="HomeLoan.Loans" name="Details" time="0.83"/>
</testsuite> <!-- Test -->
