<?xml version="1.0" encoding="UTF-8"?>
<testng-results ignored="0" total="5" passed="5" failed="0" skipped="0">
  <reporter-output>
  </reporter-output>
  <suite started-at="2025-03-14T21:43:59 IST" name="Suite" finished-at="2025-03-14T21:44:19 IST" duration-ms="20249">
    <groups>
      <group name="regression">
        <method signature="Loans.windows_handle()[pri:3, instance:HomeLoan.Loans@59402b8f]" name="windows_handle" class="HomeLoan.Loans"/>
        <method signature="Loans.Details(long,java.lang.String)[pri:4, instance:HomeLoan.Loans@59402b8f]" name="Details" class="HomeLoan.Loans"/>
      </group> <!-- regression -->
      <group name="sanity">
        <method signature="Loans.dashBoard()[pri:1, instance:HomeLoan.Loans@59402b8f]" name="dashBoard" class="HomeLoan.Loans"/>
        <method signature="Loans.AmountFixer(int)[pri:2, instance:HomeLoan.Loans@59402b8f]" name="AmountFixer" class="HomeLoan.Loans"/>
      </group> <!-- sanity -->
    </groups>
    <test started-at="2025-03-14T21:43:59 IST" name="Test" finished-at="2025-03-14T21:44:19 IST" duration-ms="20249">
      <class name="HomeLoan.Loans">
        <test-method is-config="true" signature="launcher(java.lang.String)[pri:0, instance:HomeLoan.Loans@59402b8f]" started-at="2025-03-14T21:43:59 IST" name="launcher" finished-at="2025-03-14T21:44:05 IST" duration-ms="5891" status="PASS">
          <params>
            <param index="0">
              <value>
                <![CDATA[https://www.axisbank.com/]]>
              </value>
            </param>
          </params>
          <reporter-output>
          </reporter-output>
        </test-method> <!-- launcher -->
        <test-method is-config="true" signature="starts_on()[pri:0, instance:HomeLoan.Loans@59402b8f]" started-at="2025-03-14T21:44:05 IST" name="starts_on" finished-at="2025-03-14T21:44:05 IST" duration-ms="1" status="PASS">
          <reporter-output>
          </reporter-output>
        </test-method> <!-- starts_on -->
        <test-method signature="dashBoard()[pri:1, instance:HomeLoan.Loans@59402b8f]" started-at="2025-03-14T21:44:05 IST" name="dashBoard" finished-at="2025-03-14T21:44:06 IST" duration-ms="1079" status="PASS">
          <reporter-output>
          </reporter-output>
        </test-method> <!-- dashBoard -->
        <test-method is-config="true" signature="ends_on()[pri:0, instance:HomeLoan.Loans@59402b8f]" started-at="2025-03-14T21:44:06 IST" name="ends_on" finished-at="2025-03-14T21:44:06 IST" duration-ms="0" status="PASS">
          <reporter-output>
          </reporter-output>
        </test-method> <!-- ends_on -->
        <test-method is-config="true" signature="starts_on()[pri:0, instance:HomeLoan.Loans@59402b8f]" started-at="2025-03-14T21:44:06 IST" name="starts_on" finished-at="2025-03-14T21:44:06 IST" duration-ms="0" status="PASS">
          <reporter-output>
          </reporter-output>
        </test-method> <!-- starts_on -->
        <test-method signature="AmountFixer(int)[pri:2, instance:HomeLoan.Loans@59402b8f]" started-at="2025-03-14T21:44:06 IST" name="AmountFixer" data-provider="Softcodeing" finished-at="2025-03-14T21:44:07 IST" duration-ms="889" status="PASS">
          <params>
            <param index="0">
              <value>
                <![CDATA[2000000]]>
              </value>
            </param>
          </params>
          <reporter-output>
          </reporter-output>
        </test-method> <!-- AmountFixer -->
        <test-method is-config="true" signature="ends_on()[pri:0, instance:HomeLoan.Loans@59402b8f]" started-at="2025-03-14T21:44:07 IST" name="ends_on" finished-at="2025-03-14T21:44:07 IST" duration-ms="1" status="PASS">
          <reporter-output>
          </reporter-output>
        </test-method> <!-- ends_on -->
        <test-method is-config="true" signature="starts_on()[pri:0, instance:HomeLoan.Loans@59402b8f]" started-at="2025-03-14T21:44:07 IST" name="starts_on" finished-at="2025-03-14T21:44:07 IST" duration-ms="1" status="PASS">
          <reporter-output>
          </reporter-output>
        </test-method> <!-- starts_on -->
        <test-method signature="AmountFixer(int)[pri:2, instance:HomeLoan.Loans@59402b8f]" started-at="2025-03-14T21:44:07 IST" name="AmountFixer" data-provider="Softcodeing" finished-at="2025-03-14T21:44:12 IST" duration-ms="5640" status="PASS">
          <params>
            <param index="0">
              <value>
                <![CDATA[5000000]]>
              </value>
            </param>
          </params>
          <reporter-output>
          </reporter-output>
        </test-method> <!-- AmountFixer -->
        <test-method is-config="true" signature="ends_on()[pri:0, instance:HomeLoan.Loans@59402b8f]" started-at="2025-03-14T21:44:12 IST" name="ends_on" finished-at="2025-03-14T21:44:12 IST" duration-ms="2" status="PASS">
          <reporter-output>
          </reporter-output>
        </test-method> <!-- ends_on -->
        <test-method is-config="true" signature="starts_on()[pri:0, instance:HomeLoan.Loans@59402b8f]" started-at="2025-03-14T21:44:12 IST" name="starts_on" finished-at="2025-03-14T21:44:12 IST" duration-ms="1" status="PASS">
          <reporter-output>
          </reporter-output>
        </test-method> <!-- starts_on -->
        <test-method signature="windows_handle()[pri:3, instance:HomeLoan.Loans@59402b8f]" started-at="2025-03-14T21:44:12 IST" name="windows_handle" finished-at="2025-03-14T21:44:13 IST" duration-ms="398" status="PASS">
          <reporter-output>
          </reporter-output>
        </test-method> <!-- windows_handle -->
        <test-method is-config="true" signature="ends_on()[pri:0, instance:HomeLoan.Loans@59402b8f]" started-at="2025-03-14T21:44:13 IST" name="ends_on" finished-at="2025-03-14T21:44:13 IST" duration-ms="1" status="PASS">
          <reporter-output>
          </reporter-output>
        </test-method> <!-- ends_on -->
        <test-method signature="Details(long,java.lang.String)[pri:4, instance:HomeLoan.Loans@59402b8f]" started-at="2025-03-14T21:44:13 IST" name="Details" data-provider="SoftcodeingOne" finished-at="2025-03-14T21:44:13 IST" duration-ms="830" status="PASS">
          <params>
            <param index="0">
              <value>
                <![CDATA[9787857768]]>
              </value>
            </param>
            <param index="1">
              <value>
                <![CDATA[Dhamodharan]]>
              </value>
            </param>
          </params>
          <reporter-output>
          </reporter-output>
        </test-method> <!-- Details -->
        <test-method is-config="true" signature="starts_on()[pri:0, instance:HomeLoan.Loans@59402b8f]" started-at="2025-03-14T21:44:13 IST" name="starts_on" finished-at="2025-03-14T21:44:13 IST" duration-ms="0" status="PASS">
          <reporter-output>
          </reporter-output>
        </test-method> <!-- starts_on -->
        <test-method is-config="true" signature="ends_on()[pri:0, instance:HomeLoan.Loans@59402b8f]" started-at="2025-03-14T21:44:13 IST" name="ends_on" finished-at="2025-03-14T21:44:13 IST" duration-ms="2" status="PASS">
          <reporter-output>
          </reporter-output>
        </test-method> <!-- ends_on -->
        <test-method is-config="true" signature="closure()[pri:0, instance:HomeLoan.Loans@59402b8f]" started-at="2025-03-14T21:44:13 IST" name="closure" finished-at="2025-03-14T21:44:19 IST" duration-ms="5434" status="PASS">
          <reporter-output>
          </reporter-output>
        </test-method> <!-- closure -->
      </class> <!-- HomeLoan.Loans -->
    </test> <!-- Test -->
  </suite> <!-- Suite -->
</testng-results>
